2023-04-19 03:48:37 INFO  Log:14 - **********************
2023-04-19 03:48:37 INFO  Log:15 - **********************
2023-04-19 03:48:37 INFO  Log:16 - ********This is the beginning of my test case********
2023-04-19 03:48:37 INFO  Log:24 - My test case is executing right now
2023-04-19 03:48:37 INFO  Log:27 - My test case might have some trivial issues
2023-04-19 03:49:02 INFO  Log:24 - This test case is about to get completed
2023-04-19 03:49:02 INFO  Log:19 - #######################
2023-04-19 03:49:02 INFO  Log:20 - #######################
2023-04-19 03:49:02 INFO  Log:21 - ########This test case is finished########
2023-04-19 04:41:48 INFO  Log:14 - **********************
2023-04-19 04:41:48 INFO  Log:15 - **********************
2023-04-19 04:41:48 INFO  Log:16 - ********This is the beginning of my test case********
2023-04-19 04:41:48 INFO  Log:24 - My test case is executing right now
2023-04-19 04:41:48 INFO  Log:27 - My test case might have some trivial issues
2023-04-19 04:41:56 INFO  Log:24 - This test case is about to get completed
2023-04-19 04:41:56 INFO  Log:19 - #######################
2023-04-19 04:41:56 INFO  Log:20 - #######################
2023-04-19 04:41:56 INFO  Log:21 - ########This test case is finished########
2023-04-19 04:42:53 INFO  Log:14 - **********************
2023-04-19 04:42:53 INFO  Log:15 - **********************
2023-04-19 04:42:53 INFO  Log:16 - ********This is the beginning of my test case********
2023-04-19 04:42:53 INFO  Log:24 - My test case is executing right now
2023-04-19 04:42:53 INFO  Log:27 - My test case might have some trivial issues
2023-04-19 04:43:01 INFO  Log:24 - This test case is about to get completed
2023-04-19 04:43:01 INFO  Log:19 - #######################
2023-04-19 04:43:01 INFO  Log:20 - #######################
2023-04-19 04:43:01 INFO  Log:21 - ########This test case is finished########
2023-04-24 16:48:49 INFO  Log:14 - **********************
2023-04-24 16:48:49 INFO  Log:15 - **********************
2023-04-24 16:48:49 INFO  Log:16 - ********This is the beginning of my test case********
2023-04-24 16:48:49 INFO  Log:24 - My test case is executing right now
2023-04-24 16:48:49 INFO  Log:27 - My test case might have some trivial issues
2023-04-24 16:49:00 INFO  Log:24 - This test case is about to get completed
2023-04-24 16:49:00 INFO  Log:19 - #######################
2023-04-24 16:49:00 INFO  Log:20 - #######################
2023-04-24 16:49:00 INFO  Log:21 - ########This test case is finished########
2023-04-27 16:50:02 INFO  Log:14 - **********************
2023-04-27 16:50:02 INFO  Log:15 - **********************
2023-04-27 16:50:02 INFO  Log:16 - ********This is the beginning of my test case********
2023-04-27 16:50:02 INFO  Log:24 - My test case is executing right now
2023-04-27 16:50:02 INFO  Log:27 - My test case might have some trivial issues
2023-04-27 16:50:11 INFO  Log:24 - This test case is about to get completed
2023-04-27 16:50:11 INFO  Log:19 - #######################
2023-04-27 16:50:11 INFO  Log:20 - #######################
2023-04-27 16:50:11 INFO  Log:21 - ########This test case is finished########
2023-05-28 17:28:07 INFO  Log:14 - **********************
2023-05-28 17:28:07 INFO  Log:15 - **********************
2023-05-28 17:28:07 INFO  Log:16 - ********This is the beginning of my test case********
2023-05-28 17:28:07 INFO  Log:24 - My test case is executing right now
2023-05-28 17:28:07 INFO  Log:27 - My test case might have some trivial issues
2023-05-31 04:23:17 INFO  Log:14 - **********************
2023-05-31 04:23:17 INFO  Log:15 - **********************
2023-05-31 04:23:17 INFO  Log:16 - ********This is the beginning of my test case********
2023-05-31 04:23:17 INFO  Log:24 - My test case is executing right now
2023-05-31 04:23:17 INFO  Log:27 - My test case might have some trivial issues
2023-05-31 04:23:32 INFO  Log:24 - This test case is about to get completed
2023-05-31 04:23:32 INFO  Log:19 - #######################
2023-05-31 04:23:32 INFO  Log:20 - #######################
2023-05-31 04:23:32 INFO  Log:21 - ########This test case is finished########
2023-05-31 04:23:36 INFO  Log:14 - **********************
2023-05-31 04:23:36 INFO  Log:15 - **********************
2023-05-31 04:23:36 INFO  Log:16 - ********This is the beginning of my test case********
2023-05-31 04:23:36 INFO  Log:24 - My test case is executing right now
2023-05-31 04:23:36 INFO  Log:27 - My test case might have some trivial issues
2023-05-31 04:23:40 INFO  Log:24 - This test case is about to get completed
2023-05-31 04:23:40 INFO  Log:19 - #######################
2023-05-31 04:23:40 INFO  Log:20 - #######################
2023-05-31 04:23:40 INFO  Log:21 - ########This test case is finished########
2023-05-31 04:33:37 INFO  Log:14 - **********************
2023-05-31 04:33:37 INFO  Log:15 - **********************
2023-05-31 04:33:37 INFO  Log:16 - ********This is the beginning of my test case********
2023-05-31 04:33:37 INFO  Log:24 - My test case is executing right now
2023-05-31 04:33:37 INFO  Log:27 - My test case might have some trivial issues
2023-05-31 04:34:21 INFO  Log:24 - This test case is about to get completed
2023-05-31 04:34:21 INFO  Log:19 - #######################
2023-05-31 04:34:21 INFO  Log:20 - #######################
2023-05-31 04:34:21 INFO  Log:21 - ########This test case is finished########
2023-05-31 04:34:31 INFO  Log:14 - **********************
2023-05-31 04:34:31 INFO  Log:15 - **********************
2023-05-31 04:34:31 INFO  Log:16 - ********This is the beginning of my test case********
2023-05-31 04:34:31 INFO  Log:24 - My test case is executing right now
2023-05-31 04:34:31 INFO  Log:27 - My test case might have some trivial issues
2023-05-31 04:34:36 INFO  Log:24 - This test case is about to get completed
2023-05-31 04:34:36 INFO  Log:19 - #######################
2023-05-31 04:34:36 INFO  Log:20 - #######################
2023-05-31 04:34:36 INFO  Log:21 - ########This test case is finished########
